<?xml version="1.0" encoding="UTF-8"?>
<testng-results ignored="0" total="1" passed="1" failed="0" skipped="0">
  <reporter-output>
  </reporter-output>
  <suite started-at="2021-06-22T16:54:51 PST" name="Default suite" finished-at="2021-06-22T16:55:08 PST" duration-ms="17462">
    <groups>
    </groups>
    <test started-at="2021-06-22T16:54:51 PST" name="Default test" finished-at="2021-06-22T16:55:08 PST" duration-ms="17462">
      <class name="package1.Practice4">
        <test-method is-config="true" signature="beforeMethod()[pri:0, instance:package1.Practice4@7ee955a8]" started-at="2021-06-22T16:54:51 PST" name="beforeMethod" finished-at="2021-06-22T16:55:04 PST" duration-ms="13594" status="PASS">
          <reporter-output>
          </reporter-output>
        </test-method> <!-- beforeMethod -->
        <test-method signature="f()[pri:0, instance:package1.Practice4@7ee955a8]" started-at="2021-06-22T16:55:04 PST" name="f" finished-at="2021-06-22T16:55:08 PST" duration-ms="3717" status="PASS">
          <reporter-output>
          </reporter-output>
        </test-method> <!-- f -->
        <test-method is-config="true" signature="afterMethod()[pri:0, instance:package1.Practice4@7ee955a8]" started-at="2021-06-22T16:55:08 PST" name="afterMethod" finished-at="2021-06-22T16:55:08 PST" duration-ms="1" status="PASS">
          <reporter-output>
          </reporter-output>
        </test-method> <!-- afterMethod -->
      </class> <!-- package1.Practice4 -->
    </test> <!-- Default test -->
  </suite> <!-- Default suite -->
</testng-results>
